1644399378516	geckodriver	INFO	Listening on 127.0.0.1:54695
1644399381657	mozrunner::runner	INFO	Running command: "C:\\Program Files\\Mozilla Firefox\\firefox.exe" "--marionette" "--remote-debugging-port" "54696" "-no-remote" "-profile" "C:\\Users\\Hp\\AppData\\Local\\Temp\\rust_mozprofilepF6N3D"
1644399382247	Marionette	INFO	Marionette enabled
console.warn: SearchSettings: "get: No settings file exists, new profile?" (new NotFoundError("Could not open the file at C:\\Users\\Hp\\AppData\\Local\\Temp\\rust_mozprofilepF6N3D\\search.json.mozlz4", (void 0)))
DevTools listening on ws://localhost:54696/devtools/browser/61659b6d-582f-49da-a25c-55123003e0ed
1644399387129	Marionette	INFO	Listening on port 54701
1644399387511	RemoteAgent	WARN	TLS certificate errors will be ignored for this session
[Child 39756, MediaDecoderStateMachine #1] WARNING: 186b4017ba0 Could not set cubeb stream name.: file /builds/worker/checkouts/gecko/dom/media/AudioStream.cpp:367
JavaScript error: https://assetscdn-wchat.freshchat.com/static/assets/fd-messaging.d5327a13ca2e29df7426.js, line 1: TypeError: n is undefined
[Child 39756, MediaDecoderStateMachine #1] WARNING: 186b0df2f20 Could not set cubeb stream name.: file /builds/worker/checkouts/gecko/dom/media/AudioStream.cpp:367
[Child 39756, MediaDecoderStateMachine #1] WARNING: 186b33df2e0 Could not set cubeb stream name.: file /builds/worker/checkouts/gecko/dom/media/AudioStream.cpp:367
[Child 39756, MediaDecoderStateMachine #1] WARNING: 186b6380660 Could not set cubeb stream name.: file /builds/worker/checkouts/gecko/dom/media/AudioStream.cpp:367
[Child 39756, MediaDecoderStateMachine #1] WARNING: 186b419ff20 Could not set cubeb stream name.: file /builds/worker/checkouts/gecko/dom/media/AudioStream.cpp:367
[Child 39756, MediaDecoderStateMachine #1] WARNING: 186b1abd9e0 Could not set cubeb stream name.: file /builds/worker/checkouts/gecko/dom/media/AudioStream.cpp:367
[Child 39756, MediaDecoderStateMachine #1] WARNING: 186b33dfc80 Could not set cubeb stream name.: file /builds/worker/checkouts/gecko/dom/media/AudioStream.cpp:367
[Child 39756, MediaDecoderStateMachine #1] WARNING: 186b33493c0 Could not set cubeb stream name.: file /builds/worker/checkouts/gecko/dom/media/AudioStream.cpp:367
[Child 39756, MediaDecoderStateMachine #1] WARNING: 186b1bf7580 Could not set cubeb stream name.: file /builds/worker/checkouts/gecko/dom/media/AudioStream.cpp:367
JavaScript error: resource://gre/modules/XULStore.jsm, line 66: Error: Can't find profile directory.
JavaScript error: resource://gre/modules/XULStore.jsm, line 66: Error: Can't find profile directory.
JavaScript warning: https://www.noon.com/8HuV1K9SJG9CAXHfmg/r1ubrhVDEQuE/DRYkP2YC/PR/ZkWiYMbhA, line 1: WEBGL_debug_renderer_info is deprecated in Firefox and will be removed. Please use RENDERER.
console.warn: LoginRecipes: "getRecipes: falling back to a synchronous message for:" "https://www.noon.com"
console.warn: LoginRecipes: "getRecipes: falling back to a synchronous message for:" "https://www.noon.com"
console.warn: LoginRecipes: "getRecipes: falling back to a synchronous message for:" "https://tr.snapchat.com"
JavaScript warning: https://www.noon.com/8HuV1K9SJG9CAXHfmg/r1ubrhVDEQuE/DRYkP2YC/PR/ZkWiYMbhA, line 1: WEBGL_debug_renderer_info is deprecated in Firefox and will be removed. Please use RENDERER.
console.warn: LoginRecipes: "getRecipes: falling back to a synchronous message for:" "https://www.noon.com"
console.warn: LoginRecipes: "getRecipes: falling back to a synchronous message for:" "https://www.noon.com"
console.warn: LoginRecipes: "getRecipes: falling back to a synchronous message for:" "https://www.noon.com"
console.warn: LoginRecipes: "getRecipes: falling back to a synchronous message for:" "https://www.noon.com"
console.warn: LoginRecipes: "getRecipes: falling back to a synchronous message for:" "https://www.noon.com"
console.warn: LoginRecipes: "getRecipes: falling back to a synchronous message for:" "https://www.noon.com"
console.warn: LoginRecipes: "getRecipes: falling back to a synchronous message for:" "https://www.noon.com"
JavaScript warning: https://www.noon.com/8HuV1K9SJG9CAXHfmg/r1ubrhVDEQuE/DRYkP2YC/PR/ZkWiYMbhA, line 1: WEBGL_debug_renderer_info is deprecated in Firefox and will be removed. Please use RENDERER.
console.warn: LoginRecipes: "getRecipes: falling back to a synchronous message for:" "https://www.noon.com"
1644399830490	Marionette	INFO	Stopped listening on port 54701

###!!! [Parent][MessageChannel] Error: (msgtype=0x3A014F,name=PContent::Reply_DiscardBrowsingContext) Closed channel: cannot send/recv


###!!! [Parent][MessageChannel] Error: (msgtype=0x3A014F,name=PContent::Reply_DiscardBrowsingContext) Closed channel: cannot send/recv


###!!! [Parent][MessageChannel] Error: (msgtype=0x3A014F,name=PContent::Reply_DiscardBrowsingContext) Closed channel: cannot send/recv


###!!! [Parent][MessageChannel] Error: (msgtype=0x3A014F,name=PContent::Reply_DiscardBrowsingContext) Closed channel: cannot send/recv


###!!! [Parent][MessageChannel] Error: (msgtype=0x3A014F,name=PContent::Reply_DiscardBrowsingContext) Closed channel: cannot send/recv


###!!! [Parent][MessageChannel] Error: (msgtype=0x3A007A,name=PContent::Msg_DestroyBrowsingContextGroup) Closed channel: cannot send/recv


###!!! [Child][RunMessage] Error: Channel closing: too late to send/recv, messages will be lost


###!!! [Child][RunMessage] Error: Channel closing: too late to send/recv, messages will be lost


###!!! [Child][RunMessage] Error: Channel closing: too late to send/recv, messages will be lost


###!!! [Child][RunMessage] Error: Channel closing: too late to send/recv, messages will be lost

JavaScript error: resource://gre/modules/CrashMonitor.jsm, line 201: AbortError: IOUtils: Shutting down and refusing additional I/O tasks

###!!! [Parent][RunMessage] Error: Channel closing: too late to send/recv, messages will be lost

